2021-11-17 14:09:44,618 DEBUG scheduler Queued events for site library.com
2021-11-17 14:10:45,015 DEBUG scheduler Queued events for site library.com
2021-11-17 14:11:45,430 DEBUG scheduler Queued events for site library.com
2021-11-17 14:12:45,901 DEBUG scheduler Queued events for site library.com
2021-11-17 14:12:45,959 INFO scheduler Scheduled Job Start: frappe.monitor.flush for library.com
2021-11-17 14:12:46,388 INFO scheduler Scheduled Job Complete: frappe.monitor.flush for library.com
2021-11-17 14:12:46,545 INFO scheduler Scheduled Job Start: frappe.utils.global_search.sync_global_search for library.com
2021-11-17 14:12:46,981 INFO scheduler Scheduled Job Complete: frappe.utils.global_search.sync_global_search for library.com
2021-11-17 14:12:47,137 INFO scheduler Scheduled Job Start: frappe.integrations.doctype.razorpay_settings.razorpay_settings.capture_payment for library.com
2021-11-17 14:12:47,846 INFO scheduler Scheduled Job Complete: frappe.integrations.doctype.razorpay_settings.razorpay_settings.capture_payment for library.com
2021-11-17 14:12:48,003 INFO scheduler Scheduled Job Start: frappe.email.doctype.email_account.email_account.notify_unreplied for library.com
2021-11-17 14:12:48,581 INFO scheduler Scheduled Job Complete: frappe.email.doctype.email_account.email_account.notify_unreplied for library.com
2021-11-17 14:12:48,736 INFO scheduler Scheduled Job Start: frappe.email.doctype.email_account.email_account.pull for library.com
2021-11-17 14:12:49,443 INFO scheduler Scheduled Job Complete: frappe.email.doctype.email_account.email_account.pull for library.com
2021-11-17 14:12:49,628 INFO scheduler Scheduled Job Start: frappe.email.queue.flush for library.com
2021-11-17 14:12:50,245 INFO scheduler Scheduled Job Complete: frappe.email.queue.flush for library.com
2021-11-17 14:13:46,291 DEBUG scheduler Queued events for site library.com
2021-11-17 14:14:46,679 DEBUG scheduler Queued events for site library.com
2021-11-17 14:15:47,092 DEBUG scheduler Queued events for site library.com
2021-11-17 14:15:47,217 INFO scheduler Scheduled Job Start: frappe.twofactor.delete_all_barcodes_for_users for library.com
2021-11-17 14:15:49,166 INFO scheduler Scheduled Job Complete: frappe.twofactor.delete_all_barcodes_for_users for library.com
2021-11-17 14:15:49,435 INFO scheduler Scheduled Job Start: frappe.website.doctype.web_page.web_page.check_publish_status for library.com
2021-11-17 14:15:50,949 INFO scheduler Scheduled Job Complete: frappe.website.doctype.web_page.web_page.check_publish_status for library.com
2021-11-17 14:15:51,160 INFO scheduler Scheduled Job Start: frappe.oauth.delete_oauth2_data for library.com
2021-11-17 14:15:52,190 INFO scheduler Scheduled Job Complete: frappe.oauth.delete_oauth2_data for library.com
2021-11-17 14:16:47,563 DEBUG scheduler Queued events for site library.com
2021-11-17 14:16:47,605 INFO scheduler Scheduled Job Start: frappe.monitor.flush for library.com
2021-11-17 14:16:48,065 INFO scheduler Scheduled Job Complete: frappe.monitor.flush for library.com
2021-11-17 14:16:48,218 INFO scheduler Scheduled Job Start: frappe.utils.global_search.sync_global_search for library.com
2021-11-17 14:16:48,641 INFO scheduler Scheduled Job Complete: frappe.utils.global_search.sync_global_search for library.com
2021-11-17 14:16:48,798 INFO scheduler Scheduled Job Start: frappe.integrations.doctype.razorpay_settings.razorpay_settings.capture_payment for library.com
2021-11-17 14:16:49,600 INFO scheduler Scheduled Job Complete: frappe.integrations.doctype.razorpay_settings.razorpay_settings.capture_payment for library.com
2021-11-17 14:16:49,753 INFO scheduler Scheduled Job Start: frappe.email.doctype.email_account.email_account.notify_unreplied for library.com
2021-11-17 14:16:50,491 INFO scheduler Scheduled Job Complete: frappe.email.doctype.email_account.email_account.notify_unreplied for library.com
2021-11-17 14:16:50,644 INFO scheduler Scheduled Job Start: frappe.email.doctype.email_account.email_account.pull for library.com
2021-11-17 14:16:51,246 INFO scheduler Scheduled Job Complete: frappe.email.doctype.email_account.email_account.pull for library.com
2021-11-17 14:16:51,396 INFO scheduler Scheduled Job Start: frappe.email.queue.flush for library.com
2021-11-17 14:16:51,870 INFO scheduler Scheduled Job Complete: frappe.email.queue.flush for library.com
2021-11-17 14:17:48,065 DEBUG scheduler Queued events for site library.com
2021-11-17 14:18:48,467 DEBUG scheduler Queued events for site library.com
2021-11-17 14:19:48,894 DEBUG scheduler Queued events for site library.com
2021-11-17 14:20:49,386 DEBUG scheduler Queued events for site library.com
2021-11-17 14:20:49,422 INFO scheduler Scheduled Job Start: frappe.monitor.flush for library.com
2021-11-17 14:20:49,868 INFO scheduler Scheduled Job Complete: frappe.monitor.flush for library.com
2021-11-17 14:20:50,030 INFO scheduler Scheduled Job Start: frappe.utils.global_search.sync_global_search for library.com
2021-11-17 14:20:50,613 INFO scheduler Scheduled Job Complete: frappe.utils.global_search.sync_global_search for library.com
2021-11-17 14:20:50,768 INFO scheduler Scheduled Job Start: frappe.integrations.doctype.razorpay_settings.razorpay_settings.capture_payment for library.com
2021-11-17 14:20:51,505 INFO scheduler Scheduled Job Complete: frappe.integrations.doctype.razorpay_settings.razorpay_settings.capture_payment for library.com
2021-11-17 14:20:51,663 INFO scheduler Scheduled Job Start: frappe.email.doctype.email_account.email_account.notify_unreplied for library.com
2021-11-17 14:20:52,350 INFO scheduler Scheduled Job Complete: frappe.email.doctype.email_account.email_account.notify_unreplied for library.com
2021-11-17 14:20:52,503 INFO scheduler Scheduled Job Start: frappe.email.doctype.email_account.email_account.pull for library.com
2021-11-17 14:20:53,192 INFO scheduler Scheduled Job Complete: frappe.email.doctype.email_account.email_account.pull for library.com
2021-11-17 14:20:53,349 INFO scheduler Scheduled Job Start: frappe.email.queue.flush for library.com
2021-11-17 14:20:53,832 INFO scheduler Scheduled Job Complete: frappe.email.queue.flush for library.com
2021-11-17 14:21:49,783 DEBUG scheduler Queued events for site library.com
2021-11-17 14:22:50,188 DEBUG scheduler Queued events for site library.com
2021-11-17 14:23:50,576 DEBUG scheduler Queued events for site library.com
2021-11-17 14:24:51,057 DEBUG scheduler Queued events for site library.com
2021-11-17 14:24:51,109 INFO scheduler Scheduled Job Start: frappe.monitor.flush for library.com
2021-11-17 14:24:51,547 INFO scheduler Scheduled Job Complete: frappe.monitor.flush for library.com
2021-11-17 14:24:51,709 INFO scheduler Scheduled Job Start: frappe.utils.global_search.sync_global_search for library.com
2021-11-17 14:24:52,144 INFO scheduler Scheduled Job Complete: frappe.utils.global_search.sync_global_search for library.com
2021-11-17 14:24:52,296 INFO scheduler Scheduled Job Start: frappe.integrations.doctype.razorpay_settings.razorpay_settings.capture_payment for library.com
2021-11-17 14:24:53,072 INFO scheduler Scheduled Job Complete: frappe.integrations.doctype.razorpay_settings.razorpay_settings.capture_payment for library.com
2021-11-17 14:24:53,222 INFO scheduler Scheduled Job Start: frappe.email.doctype.email_account.email_account.notify_unreplied for library.com
2021-11-17 14:24:53,934 INFO scheduler Scheduled Job Complete: frappe.email.doctype.email_account.email_account.notify_unreplied for library.com
2021-11-17 14:24:54,085 INFO scheduler Scheduled Job Start: frappe.email.doctype.email_account.email_account.pull for library.com
2021-11-17 14:24:54,679 INFO scheduler Scheduled Job Complete: frappe.email.doctype.email_account.email_account.pull for library.com
2021-11-17 14:24:54,836 INFO scheduler Scheduled Job Start: frappe.email.queue.flush for library.com
2021-11-17 14:24:55,303 INFO scheduler Scheduled Job Complete: frappe.email.queue.flush for library.com
2021-11-17 14:25:51,452 DEBUG scheduler Queued events for site library.com
2021-11-17 14:26:51,847 DEBUG scheduler Queued events for site library.com
2021-11-17 14:27:52,252 DEBUG scheduler Queued events for site library.com
2021-11-17 14:28:52,729 DEBUG scheduler Queued events for site library.com
2021-11-17 14:28:52,762 INFO scheduler Scheduled Job Start: frappe.monitor.flush for library.com
2021-11-17 14:28:53,217 INFO scheduler Scheduled Job Complete: frappe.monitor.flush for library.com
2021-11-17 14:28:53,396 INFO scheduler Scheduled Job Start: frappe.utils.global_search.sync_global_search for library.com
2021-11-17 14:28:53,861 INFO scheduler Scheduled Job Complete: frappe.utils.global_search.sync_global_search for library.com
2021-11-17 14:28:54,026 INFO scheduler Scheduled Job Start: frappe.integrations.doctype.razorpay_settings.razorpay_settings.capture_payment for library.com
2021-11-17 14:28:54,738 INFO scheduler Scheduled Job Complete: frappe.integrations.doctype.razorpay_settings.razorpay_settings.capture_payment for library.com
2021-11-17 14:28:54,895 INFO scheduler Scheduled Job Start: frappe.email.doctype.email_account.email_account.notify_unreplied for library.com
2021-11-17 14:28:55,469 INFO scheduler Scheduled Job Complete: frappe.email.doctype.email_account.email_account.notify_unreplied for library.com
2021-11-17 14:28:55,621 INFO scheduler Scheduled Job Start: frappe.email.doctype.email_account.email_account.pull for library.com
2021-11-17 14:28:56,215 INFO scheduler Scheduled Job Complete: frappe.email.doctype.email_account.email_account.pull for library.com
2021-11-17 14:28:56,380 INFO scheduler Scheduled Job Start: frappe.email.queue.flush for library.com
2021-11-17 14:28:56,858 INFO scheduler Scheduled Job Complete: frappe.email.queue.flush for library.com
2021-11-17 14:29:53,211 DEBUG scheduler Queued events for site library.com
2021-11-17 14:30:53,636 DEBUG scheduler Queued events for site library.com
2021-11-17 14:30:53,748 INFO scheduler Scheduled Job Start: frappe.twofactor.delete_all_barcodes_for_users for library.com
2021-11-17 14:30:54,490 INFO scheduler Scheduled Job Complete: frappe.twofactor.delete_all_barcodes_for_users for library.com
2021-11-17 14:30:54,762 INFO scheduler Scheduled Job Start: frappe.website.doctype.web_page.web_page.check_publish_status for library.com
2021-11-17 14:30:55,598 INFO scheduler Scheduled Job Complete: frappe.website.doctype.web_page.web_page.check_publish_status for library.com
2021-11-17 14:30:55,893 INFO scheduler Scheduled Job Start: frappe.oauth.delete_oauth2_data for library.com
2021-11-17 14:30:56,632 INFO scheduler Scheduled Job Complete: frappe.oauth.delete_oauth2_data for library.com
2021-11-17 14:31:54,023 DEBUG scheduler Queued events for site library.com
2021-11-17 14:32:54,467 DEBUG scheduler Queued events for site library.com
2021-11-17 14:32:54,513 INFO scheduler Scheduled Job Start: frappe.monitor.flush for library.com
2021-11-17 14:32:54,946 INFO scheduler Scheduled Job Complete: frappe.monitor.flush for library.com
2021-11-17 14:32:55,106 INFO scheduler Scheduled Job Start: frappe.utils.global_search.sync_global_search for library.com
2021-11-17 14:32:55,546 INFO scheduler Scheduled Job Complete: frappe.utils.global_search.sync_global_search for library.com
2021-11-17 14:32:55,696 INFO scheduler Scheduled Job Start: frappe.integrations.doctype.razorpay_settings.razorpay_settings.capture_payment for library.com
2021-11-17 14:32:56,399 INFO scheduler Scheduled Job Complete: frappe.integrations.doctype.razorpay_settings.razorpay_settings.capture_payment for library.com
2021-11-17 14:32:56,555 INFO scheduler Scheduled Job Start: frappe.email.doctype.email_account.email_account.notify_unreplied for library.com
2021-11-17 14:32:57,122 INFO scheduler Scheduled Job Complete: frappe.email.doctype.email_account.email_account.notify_unreplied for library.com
2021-11-17 14:32:57,275 INFO scheduler Scheduled Job Start: frappe.email.doctype.email_account.email_account.pull for library.com
2021-11-17 14:32:57,919 INFO scheduler Scheduled Job Complete: frappe.email.doctype.email_account.email_account.pull for library.com
2021-11-17 14:32:58,086 INFO scheduler Scheduled Job Start: frappe.email.queue.flush for library.com
2021-11-17 14:32:58,646 INFO scheduler Scheduled Job Complete: frappe.email.queue.flush for library.com
2021-11-17 14:34:23,314 DEBUG scheduler Queued events for site library.com
2021-11-17 14:35:23,695 DEBUG scheduler Queued events for site library.com
2021-11-17 14:37:29,712 DEBUG scheduler Queued events for site library.com
2021-11-17 14:37:29,758 INFO scheduler Scheduled Job Start: frappe.monitor.flush for library.com
2021-11-17 14:37:30,462 INFO scheduler Scheduled Job Complete: frappe.monitor.flush for library.com
2021-11-17 14:37:30,620 INFO scheduler Scheduled Job Start: frappe.utils.global_search.sync_global_search for library.com
2021-11-17 14:37:31,193 INFO scheduler Scheduled Job Complete: frappe.utils.global_search.sync_global_search for library.com
2021-11-17 14:37:31,378 INFO scheduler Scheduled Job Start: frappe.integrations.doctype.razorpay_settings.razorpay_settings.capture_payment for library.com
2021-11-17 14:37:32,347 INFO scheduler Scheduled Job Complete: frappe.integrations.doctype.razorpay_settings.razorpay_settings.capture_payment for library.com
2021-11-17 14:37:32,518 INFO scheduler Scheduled Job Start: frappe.email.doctype.email_account.email_account.notify_unreplied for library.com
2021-11-17 14:37:33,438 INFO scheduler Scheduled Job Complete: frappe.email.doctype.email_account.email_account.notify_unreplied for library.com
2021-11-17 14:37:33,613 INFO scheduler Scheduled Job Start: frappe.email.doctype.email_account.email_account.pull for library.com
2021-11-17 14:37:34,303 INFO scheduler Scheduled Job Complete: frappe.email.doctype.email_account.email_account.pull for library.com
2021-11-17 14:37:34,458 INFO scheduler Scheduled Job Start: frappe.email.queue.flush for library.com
2021-11-17 14:37:34,934 INFO scheduler Scheduled Job Complete: frappe.email.queue.flush for library.com
2021-11-17 14:38:30,089 DEBUG scheduler Queued events for site library.com
2021-11-17 15:27:18,956 DEBUG scheduler Queued events for site library.com
2021-11-17 15:27:19,507 INFO scheduler Scheduled Job Start: frappe.email.doctype.newsletter.newsletter.send_scheduled_email for library.com
2021-11-17 15:27:51,794 INFO scheduler Scheduled Job Complete: frappe.email.doctype.newsletter.newsletter.send_scheduled_email for library.com
2021-11-17 15:28:15,421 INFO scheduler Scheduled Job Start: frappe.integrations.doctype.google_calendar.google_calendar.sync for library.com
2021-11-17 15:28:25,640 DEBUG scheduler Queued events for site library.com
2021-11-17 15:29:12,302 INFO scheduler Scheduled Job Complete: frappe.integrations.doctype.google_calendar.google_calendar.sync for library.com
2021-11-17 15:29:21,237 INFO scheduler Scheduled Job Start: frappe.desk.form.document_follow.send_hourly_updates for library.com
2021-11-17 15:29:26,057 DEBUG scheduler Queued events for site library.com
2021-11-17 15:29:35,825 INFO scheduler Scheduled Job Complete: frappe.desk.form.document_follow.send_hourly_updates for library.com
2021-11-17 15:29:37,153 INFO scheduler Scheduled Job Start: frappe.deferred_insert.save_to_db for library.com
2021-11-17 15:29:38,074 INFO scheduler Scheduled Job Complete: frappe.deferred_insert.save_to_db for library.com
2021-11-17 15:29:38,470 INFO scheduler Scheduled Job Start: frappe.desk.page.backups.backups.delete_downloadable_backups for library.com
2021-11-17 15:29:41,825 INFO scheduler Scheduled Job Complete: frappe.desk.page.backups.backups.delete_downloadable_backups for library.com
2021-11-17 15:29:43,136 INFO scheduler Scheduled Job Start: frappe.utils.error.collect_error_snapshots for library.com
2021-11-17 15:29:53,193 INFO scheduler Scheduled Job Complete: frappe.utils.error.collect_error_snapshots for library.com
2021-11-17 15:29:55,059 INFO scheduler Scheduled Job Start: frappe.model.utils.user_settings.sync_user_settings for library.com
2021-11-17 15:29:56,713 INFO scheduler Scheduled Job Complete: frappe.model.utils.user_settings.sync_user_settings for library.com
2021-11-17 15:29:57,079 INFO scheduler Scheduled Job Start: frappe.model.utils.link_count.update_link_count for library.com
2021-11-17 15:29:59,463 INFO scheduler Scheduled Job Complete: frappe.model.utils.link_count.update_link_count for library.com
2021-11-17 15:30:00,105 INFO scheduler Scheduled Job Start: frappe.monitor.flush for library.com
2021-11-17 15:30:01,910 INFO scheduler Scheduled Job Complete: frappe.monitor.flush for library.com
2021-11-17 15:30:02,220 INFO scheduler Scheduled Job Start: frappe.utils.global_search.sync_global_search for library.com
2021-11-17 15:30:03,555 INFO scheduler Scheduled Job Complete: frappe.utils.global_search.sync_global_search for library.com
2021-11-17 15:30:04,380 INFO scheduler Scheduled Job Start: frappe.integrations.doctype.razorpay_settings.razorpay_settings.capture_payment for library.com
2021-11-17 15:30:14,719 INFO scheduler Scheduled Job Complete: frappe.integrations.doctype.razorpay_settings.razorpay_settings.capture_payment for library.com
2021-11-17 15:30:14,879 INFO scheduler Scheduled Job Start: frappe.email.doctype.email_account.email_account.notify_unreplied for library.com
2021-11-17 15:30:19,609 INFO scheduler Scheduled Job Complete: frappe.email.doctype.email_account.email_account.notify_unreplied for library.com
2021-11-17 15:30:19,773 INFO scheduler Scheduled Job Start: frappe.email.doctype.email_account.email_account.pull for library.com
2021-11-17 15:30:20,884 INFO scheduler Scheduled Job Complete: frappe.email.doctype.email_account.email_account.pull for library.com
2021-11-17 15:30:21,060 INFO scheduler Scheduled Job Start: frappe.email.queue.flush for library.com
2021-11-17 15:30:23,157 INFO scheduler Scheduled Job Complete: frappe.email.queue.flush for library.com
2021-11-17 15:30:23,584 INFO scheduler Scheduled Job Start: frappe.twofactor.delete_all_barcodes_for_users for library.com
2021-11-17 15:30:26,786 INFO scheduler Scheduled Job Complete: frappe.twofactor.delete_all_barcodes_for_users for library.com
2021-11-17 15:30:26,844 DEBUG scheduler Queued events for site library.com
2021-11-17 15:30:27,182 INFO scheduler Scheduled Job Start: frappe.website.doctype.web_page.web_page.check_publish_status for library.com
2021-11-17 15:30:32,104 INFO scheduler Scheduled Job Complete: frappe.website.doctype.web_page.web_page.check_publish_status for library.com
2021-11-17 15:30:32,781 INFO scheduler Scheduled Job Start: frappe.oauth.delete_oauth2_data for library.com
2021-11-17 15:30:37,204 INFO scheduler Scheduled Job Complete: frappe.oauth.delete_oauth2_data for library.com
2021-11-17 15:33:05,526 DEBUG scheduler Queued events for site library.com
2021-11-17 15:33:05,567 INFO scheduler Scheduled Job Start: frappe.monitor.flush for library.com
2021-11-17 15:33:06,319 INFO scheduler Scheduled Job Complete: frappe.monitor.flush for library.com
2021-11-17 15:33:06,480 INFO scheduler Scheduled Job Start: frappe.utils.global_search.sync_global_search for library.com
2021-11-17 15:33:06,962 INFO scheduler Scheduled Job Complete: frappe.utils.global_search.sync_global_search for library.com
2021-11-17 15:33:07,145 INFO scheduler Scheduled Job Start: frappe.integrations.doctype.razorpay_settings.razorpay_settings.capture_payment for library.com
2021-11-17 15:33:08,285 INFO scheduler Scheduled Job Complete: frappe.integrations.doctype.razorpay_settings.razorpay_settings.capture_payment for library.com
2021-11-17 15:33:08,471 INFO scheduler Scheduled Job Start: frappe.email.doctype.email_account.email_account.notify_unreplied for library.com
2021-11-17 15:33:09,404 INFO scheduler Scheduled Job Complete: frappe.email.doctype.email_account.email_account.notify_unreplied for library.com
2021-11-17 15:33:09,565 INFO scheduler Scheduled Job Start: frappe.email.doctype.email_account.email_account.pull for library.com
2021-11-17 15:33:10,299 INFO scheduler Scheduled Job Complete: frappe.email.doctype.email_account.email_account.pull for library.com
2021-11-17 15:33:10,475 INFO scheduler Scheduled Job Start: frappe.email.queue.flush for library.com
2021-11-17 15:33:10,992 INFO scheduler Scheduled Job Complete: frappe.email.queue.flush for library.com
2021-11-17 15:34:05,956 DEBUG scheduler Queued events for site library.com
2021-11-17 15:35:06,395 DEBUG scheduler Queued events for site library.com
2021-11-17 15:36:06,972 DEBUG scheduler Queued events for site library.com
2021-11-17 15:36:07,024 INFO scheduler Scheduled Job Start: frappe.monitor.flush for library.com
2021-11-17 15:36:07,610 INFO scheduler Scheduled Job Complete: frappe.monitor.flush for library.com
2021-11-17 15:36:07,782 INFO scheduler Scheduled Job Start: frappe.utils.global_search.sync_global_search for library.com
2021-11-17 15:36:08,299 INFO scheduler Scheduled Job Complete: frappe.utils.global_search.sync_global_search for library.com
2021-11-17 15:36:08,512 INFO scheduler Scheduled Job Start: frappe.integrations.doctype.razorpay_settings.razorpay_settings.capture_payment for library.com
2021-11-17 15:36:09,400 INFO scheduler Scheduled Job Complete: frappe.integrations.doctype.razorpay_settings.razorpay_settings.capture_payment for library.com
2021-11-17 15:36:09,601 INFO scheduler Scheduled Job Start: frappe.email.doctype.email_account.email_account.notify_unreplied for library.com
2021-11-17 15:36:10,244 INFO scheduler Scheduled Job Complete: frappe.email.doctype.email_account.email_account.notify_unreplied for library.com
2021-11-17 15:36:10,400 INFO scheduler Scheduled Job Start: frappe.email.doctype.email_account.email_account.pull for library.com
2021-11-17 15:36:11,086 INFO scheduler Scheduled Job Complete: frappe.email.doctype.email_account.email_account.pull for library.com
2021-11-17 15:36:11,274 INFO scheduler Scheduled Job Start: frappe.email.queue.flush for library.com
2021-11-17 15:36:11,791 INFO scheduler Scheduled Job Complete: frappe.email.queue.flush for library.com
2021-11-17 15:37:07,429 DEBUG scheduler Queued events for site library.com
2021-11-17 15:38:07,840 DEBUG scheduler Queued events for site library.com
2021-11-17 15:39:08,289 DEBUG scheduler Queued events for site library.com
2021-11-17 15:40:08,840 DEBUG scheduler Queued events for site library.com
2021-11-17 15:40:08,889 INFO scheduler Scheduled Job Start: frappe.monitor.flush for library.com
2021-11-17 15:40:09,514 INFO scheduler Scheduled Job Complete: frappe.monitor.flush for library.com
2021-11-17 15:40:09,677 INFO scheduler Scheduled Job Start: frappe.utils.global_search.sync_global_search for library.com
2021-11-17 15:40:10,190 INFO scheduler Scheduled Job Complete: frappe.utils.global_search.sync_global_search for library.com
2021-11-17 15:40:10,376 INFO scheduler Scheduled Job Start: frappe.integrations.doctype.razorpay_settings.razorpay_settings.capture_payment for library.com
2021-11-17 15:40:11,230 INFO scheduler Scheduled Job Complete: frappe.integrations.doctype.razorpay_settings.razorpay_settings.capture_payment for library.com
2021-11-17 15:40:11,434 INFO scheduler Scheduled Job Start: frappe.email.doctype.email_account.email_account.notify_unreplied for library.com
2021-11-17 15:40:12,109 INFO scheduler Scheduled Job Complete: frappe.email.doctype.email_account.email_account.notify_unreplied for library.com
2021-11-17 15:40:12,292 INFO scheduler Scheduled Job Start: frappe.email.doctype.email_account.email_account.pull for library.com
2021-11-17 15:40:12,989 INFO scheduler Scheduled Job Complete: frappe.email.doctype.email_account.email_account.pull for library.com
2021-11-17 15:40:13,173 INFO scheduler Scheduled Job Start: frappe.email.queue.flush for library.com
2021-11-17 15:40:13,720 INFO scheduler Scheduled Job Complete: frappe.email.queue.flush for library.com
2021-11-17 15:41:09,224 DEBUG scheduler Queued events for site library.com
2021-11-17 15:42:09,660 DEBUG scheduler Queued events for site library.com
2021-11-17 15:43:10,057 DEBUG scheduler Queued events for site library.com
2021-11-17 15:44:10,585 DEBUG scheduler Queued events for site library.com
2021-11-17 15:44:10,640 INFO scheduler Scheduled Job Start: frappe.monitor.flush for library.com
2021-11-17 15:44:11,266 INFO scheduler Scheduled Job Complete: frappe.monitor.flush for library.com
2021-11-17 15:44:11,472 INFO scheduler Scheduled Job Start: frappe.utils.global_search.sync_global_search for library.com
2021-11-17 15:44:12,038 INFO scheduler Scheduled Job Complete: frappe.utils.global_search.sync_global_search for library.com
2021-11-17 15:44:12,281 INFO scheduler Scheduled Job Start: frappe.integrations.doctype.razorpay_settings.razorpay_settings.capture_payment for library.com
2021-11-17 15:44:13,057 INFO scheduler Scheduled Job Complete: frappe.integrations.doctype.razorpay_settings.razorpay_settings.capture_payment for library.com
2021-11-17 15:44:13,230 INFO scheduler Scheduled Job Start: frappe.email.doctype.email_account.email_account.notify_unreplied for library.com
2021-11-17 15:44:13,925 INFO scheduler Scheduled Job Complete: frappe.email.doctype.email_account.email_account.notify_unreplied for library.com
2021-11-17 15:44:14,123 INFO scheduler Scheduled Job Start: frappe.email.doctype.email_account.email_account.pull for library.com
2021-11-17 15:44:14,823 INFO scheduler Scheduled Job Complete: frappe.email.doctype.email_account.email_account.pull for library.com
2021-11-17 15:44:15,018 INFO scheduler Scheduled Job Start: frappe.email.queue.flush for library.com
2021-11-17 15:44:15,662 INFO scheduler Scheduled Job Complete: frappe.email.queue.flush for library.com
2021-11-17 15:45:11,032 DEBUG scheduler Queued events for site library.com
2021-11-17 15:45:11,158 INFO scheduler Scheduled Job Start: frappe.twofactor.delete_all_barcodes_for_users for library.com
2021-11-17 15:45:12,420 INFO scheduler Scheduled Job Complete: frappe.twofactor.delete_all_barcodes_for_users for library.com
2021-11-17 15:45:12,894 INFO scheduler Scheduled Job Start: frappe.website.doctype.web_page.web_page.check_publish_status for library.com
2021-11-17 15:45:14,280 INFO scheduler Scheduled Job Complete: frappe.website.doctype.web_page.web_page.check_publish_status for library.com
2021-11-17 15:45:14,535 INFO scheduler Scheduled Job Start: frappe.oauth.delete_oauth2_data for library.com
2021-11-17 15:45:15,579 INFO scheduler Scheduled Job Complete: frappe.oauth.delete_oauth2_data for library.com
2021-11-17 15:46:11,416 DEBUG scheduler Queued events for site library.com
2021-11-17 15:47:11,823 DEBUG scheduler Queued events for site library.com
2021-11-17 15:48:12,299 DEBUG scheduler Queued events for site library.com
2021-11-17 15:48:12,966 INFO scheduler Scheduled Job Start: frappe.monitor.flush for library.com
2021-11-17 15:48:13,529 INFO scheduler Scheduled Job Complete: frappe.monitor.flush for library.com
2021-11-17 15:48:13,716 INFO scheduler Scheduled Job Start: frappe.utils.global_search.sync_global_search for library.com
2021-11-17 15:48:14,374 INFO scheduler Scheduled Job Complete: frappe.utils.global_search.sync_global_search for library.com
2021-11-17 15:48:14,535 INFO scheduler Scheduled Job Start: frappe.integrations.doctype.razorpay_settings.razorpay_settings.capture_payment for library.com
2021-11-17 15:48:15,337 INFO scheduler Scheduled Job Complete: frappe.integrations.doctype.razorpay_settings.razorpay_settings.capture_payment for library.com
2021-11-17 15:48:15,503 INFO scheduler Scheduled Job Start: frappe.email.doctype.email_account.email_account.notify_unreplied for library.com
2021-11-17 15:48:16,400 INFO scheduler Scheduled Job Complete: frappe.email.doctype.email_account.email_account.notify_unreplied for library.com
2021-11-17 15:48:16,568 INFO scheduler Scheduled Job Start: frappe.email.doctype.email_account.email_account.pull for library.com
2021-11-17 15:48:17,411 INFO scheduler Scheduled Job Complete: frappe.email.doctype.email_account.email_account.pull for library.com
2021-11-17 15:48:17,578 INFO scheduler Scheduled Job Start: frappe.email.queue.flush for library.com
2021-11-17 15:48:18,156 INFO scheduler Scheduled Job Complete: frappe.email.queue.flush for library.com
2021-11-17 15:49:12,686 DEBUG scheduler Queued events for site library.com
2021-11-17 15:50:13,075 DEBUG scheduler Queued events for site library.com
2021-11-17 15:51:13,463 DEBUG scheduler Queued events for site library.com
2021-11-17 15:52:13,949 DEBUG scheduler Queued events for site library.com
2021-11-17 15:52:13,977 INFO scheduler Scheduled Job Start: frappe.monitor.flush for library.com
2021-11-17 15:52:14,511 INFO scheduler Scheduled Job Complete: frappe.monitor.flush for library.com
2021-11-17 15:52:14,671 INFO scheduler Scheduled Job Start: frappe.utils.global_search.sync_global_search for library.com
2021-11-17 15:52:15,126 INFO scheduler Scheduled Job Complete: frappe.utils.global_search.sync_global_search for library.com
2021-11-17 15:52:15,283 INFO scheduler Scheduled Job Start: frappe.integrations.doctype.razorpay_settings.razorpay_settings.capture_payment for library.com
2021-11-17 15:52:16,033 INFO scheduler Scheduled Job Complete: frappe.integrations.doctype.razorpay_settings.razorpay_settings.capture_payment for library.com
2021-11-17 15:52:16,187 INFO scheduler Scheduled Job Start: frappe.email.doctype.email_account.email_account.notify_unreplied for library.com
2021-11-17 15:52:16,845 INFO scheduler Scheduled Job Complete: frappe.email.doctype.email_account.email_account.notify_unreplied for library.com
2021-11-17 15:52:17,002 INFO scheduler Scheduled Job Start: frappe.email.doctype.email_account.email_account.pull for library.com
2021-11-17 15:52:17,597 INFO scheduler Scheduled Job Complete: frappe.email.doctype.email_account.email_account.pull for library.com
2021-11-17 15:52:17,748 INFO scheduler Scheduled Job Start: frappe.email.queue.flush for library.com
2021-11-17 15:52:18,233 INFO scheduler Scheduled Job Complete: frappe.email.queue.flush for library.com
2021-11-17 15:53:14,335 DEBUG scheduler Queued events for site library.com
2021-11-17 15:54:14,730 DEBUG scheduler Queued events for site library.com
2021-11-17 15:55:15,141 DEBUG scheduler Queued events for site library.com
2021-11-17 15:56:15,632 DEBUG scheduler Queued events for site library.com
2021-11-17 15:56:15,684 INFO scheduler Scheduled Job Start: frappe.monitor.flush for library.com
2021-11-17 15:56:16,311 INFO scheduler Scheduled Job Complete: frappe.monitor.flush for library.com
2021-11-17 15:56:16,460 INFO scheduler Scheduled Job Start: frappe.utils.global_search.sync_global_search for library.com
2021-11-17 15:56:17,243 INFO scheduler Scheduled Job Complete: frappe.utils.global_search.sync_global_search for library.com
2021-11-17 15:56:17,398 INFO scheduler Scheduled Job Start: frappe.integrations.doctype.razorpay_settings.razorpay_settings.capture_payment for library.com
2021-11-17 15:56:18,126 INFO scheduler Scheduled Job Complete: frappe.integrations.doctype.razorpay_settings.razorpay_settings.capture_payment for library.com
2021-11-17 15:56:18,277 INFO scheduler Scheduled Job Start: frappe.email.doctype.email_account.email_account.notify_unreplied for library.com
2021-11-17 15:56:18,970 INFO scheduler Scheduled Job Complete: frappe.email.doctype.email_account.email_account.notify_unreplied for library.com
2021-11-17 15:56:19,121 INFO scheduler Scheduled Job Start: frappe.email.doctype.email_account.email_account.pull for library.com
2021-11-17 15:56:19,942 INFO scheduler Scheduled Job Complete: frappe.email.doctype.email_account.email_account.pull for library.com
2021-11-17 15:56:20,095 INFO scheduler Scheduled Job Start: frappe.email.queue.flush for library.com
2021-11-17 15:56:20,653 INFO scheduler Scheduled Job Complete: frappe.email.queue.flush for library.com
2021-11-17 15:57:16,028 DEBUG scheduler Queued events for site library.com
2021-11-17 15:58:16,394 DEBUG scheduler Queued events for site library.com
2021-11-17 15:59:55,127 DEBUG scheduler Queued events for site library.com
2021-11-17 16:00:55,595 INFO scheduler Scheduled Job Start: frappe.email.doctype.newsletter.newsletter.send_scheduled_email for library.com
2021-11-17 16:00:55,768 DEBUG scheduler Queued events for site library.com
2021-11-17 16:00:56,757 INFO scheduler Scheduled Job Complete: frappe.email.doctype.newsletter.newsletter.send_scheduled_email for library.com
2021-11-17 16:00:57,021 INFO scheduler Scheduled Job Start: frappe.integrations.doctype.google_calendar.google_calendar.sync for library.com
2021-11-17 16:00:58,920 INFO scheduler Scheduled Job Complete: frappe.integrations.doctype.google_calendar.google_calendar.sync for library.com
2021-11-17 16:00:59,146 INFO scheduler Scheduled Job Start: frappe.desk.form.document_follow.send_hourly_updates for library.com
2021-11-17 16:00:59,968 INFO scheduler Scheduled Job Complete: frappe.desk.form.document_follow.send_hourly_updates for library.com
2021-11-17 16:01:00,185 INFO scheduler Scheduled Job Start: frappe.deferred_insert.save_to_db for library.com
2021-11-17 16:01:01,284 INFO scheduler Scheduled Job Complete: frappe.deferred_insert.save_to_db for library.com
2021-11-17 16:01:01,521 INFO scheduler Scheduled Job Start: frappe.desk.page.backups.backups.delete_downloadable_backups for library.com
2021-11-17 16:01:02,354 INFO scheduler Scheduled Job Complete: frappe.desk.page.backups.backups.delete_downloadable_backups for library.com
2021-11-17 16:01:02,617 INFO scheduler Scheduled Job Start: frappe.utils.error.collect_error_snapshots for library.com
2021-11-17 16:01:03,332 INFO scheduler Scheduled Job Complete: frappe.utils.error.collect_error_snapshots for library.com
2021-11-17 16:01:03,553 INFO scheduler Scheduled Job Start: frappe.model.utils.user_settings.sync_user_settings for library.com
2021-11-17 16:01:04,214 INFO scheduler Scheduled Job Complete: frappe.model.utils.user_settings.sync_user_settings for library.com
2021-11-17 16:01:04,431 INFO scheduler Scheduled Job Start: frappe.model.utils.link_count.update_link_count for library.com
2021-11-17 16:01:05,275 INFO scheduler Scheduled Job Complete: frappe.model.utils.link_count.update_link_count for library.com
2021-11-17 16:01:05,501 INFO scheduler Scheduled Job Start: frappe.monitor.flush for library.com
2021-11-17 16:01:06,060 INFO scheduler Scheduled Job Complete: frappe.monitor.flush for library.com
2021-11-17 16:01:06,218 INFO scheduler Scheduled Job Start: frappe.utils.global_search.sync_global_search for library.com
2021-11-17 16:01:06,658 INFO scheduler Scheduled Job Complete: frappe.utils.global_search.sync_global_search for library.com
2021-11-17 16:01:06,819 INFO scheduler Scheduled Job Start: frappe.integrations.doctype.razorpay_settings.razorpay_settings.capture_payment for library.com
2021-11-17 16:01:07,859 INFO scheduler Scheduled Job Complete: frappe.integrations.doctype.razorpay_settings.razorpay_settings.capture_payment for library.com
2021-11-17 16:01:08,014 INFO scheduler Scheduled Job Start: frappe.email.doctype.email_account.email_account.notify_unreplied for library.com
2021-11-17 16:01:08,929 INFO scheduler Scheduled Job Complete: frappe.email.doctype.email_account.email_account.notify_unreplied for library.com
2021-11-17 16:01:09,078 INFO scheduler Scheduled Job Start: frappe.email.doctype.email_account.email_account.pull for library.com
2021-11-17 16:01:09,665 INFO scheduler Scheduled Job Complete: frappe.email.doctype.email_account.email_account.pull for library.com
2021-11-17 16:01:09,818 INFO scheduler Scheduled Job Start: frappe.email.queue.flush for library.com
2021-11-17 16:01:10,305 INFO scheduler Scheduled Job Complete: frappe.email.queue.flush for library.com
2021-11-17 16:01:10,456 INFO scheduler Scheduled Job Start: frappe.twofactor.delete_all_barcodes_for_users for library.com
2021-11-17 16:01:11,223 INFO scheduler Scheduled Job Complete: frappe.twofactor.delete_all_barcodes_for_users for library.com
2021-11-17 16:01:11,473 INFO scheduler Scheduled Job Start: frappe.website.doctype.web_page.web_page.check_publish_status for library.com
2021-11-17 16:01:12,429 INFO scheduler Scheduled Job Complete: frappe.website.doctype.web_page.web_page.check_publish_status for library.com
2021-11-17 16:01:12,661 INFO scheduler Scheduled Job Start: frappe.oauth.delete_oauth2_data for library.com
2021-11-17 16:01:13,522 INFO scheduler Scheduled Job Complete: frappe.oauth.delete_oauth2_data for library.com
2021-11-17 16:01:56,999 DEBUG scheduler Queued events for site library.com
2021-11-17 16:02:57,591 DEBUG scheduler Queued events for site library.com
2021-11-17 16:03:57,977 DEBUG scheduler Queued events for site library.com
2021-11-17 16:04:58,481 DEBUG scheduler Queued events for site library.com
2021-11-17 16:04:58,536 INFO scheduler Scheduled Job Start: frappe.monitor.flush for library.com
2021-11-17 16:04:59,269 INFO scheduler Scheduled Job Complete: frappe.monitor.flush for library.com
2021-11-17 16:04:59,435 INFO scheduler Scheduled Job Start: frappe.utils.global_search.sync_global_search for library.com
2021-11-17 16:04:59,867 INFO scheduler Scheduled Job Complete: frappe.utils.global_search.sync_global_search for library.com
2021-11-17 16:05:00,020 INFO scheduler Scheduled Job Start: frappe.integrations.doctype.razorpay_settings.razorpay_settings.capture_payment for library.com
2021-11-17 16:05:00,994 INFO scheduler Scheduled Job Complete: frappe.integrations.doctype.razorpay_settings.razorpay_settings.capture_payment for library.com
2021-11-17 16:05:01,175 INFO scheduler Scheduled Job Start: frappe.email.doctype.email_account.email_account.notify_unreplied for library.com
2021-11-17 16:05:02,185 INFO scheduler Scheduled Job Complete: frappe.email.doctype.email_account.email_account.notify_unreplied for library.com
2021-11-17 16:05:02,340 INFO scheduler Scheduled Job Start: frappe.email.doctype.email_account.email_account.pull for library.com
2021-11-17 16:05:02,949 INFO scheduler Scheduled Job Complete: frappe.email.doctype.email_account.email_account.pull for library.com
2021-11-17 16:05:03,101 INFO scheduler Scheduled Job Start: frappe.email.queue.flush for library.com
2021-11-17 16:05:03,571 INFO scheduler Scheduled Job Complete: frappe.email.queue.flush for library.com
2021-11-17 16:05:58,915 DEBUG scheduler Queued events for site library.com
2021-11-17 16:06:59,293 DEBUG scheduler Queued events for site library.com
2021-11-17 16:07:59,668 DEBUG scheduler Queued events for site library.com
2021-11-17 16:09:00,147 DEBUG scheduler Queued events for site library.com
2021-11-17 16:09:00,183 INFO scheduler Scheduled Job Start: frappe.monitor.flush for library.com
2021-11-17 16:09:00,703 INFO scheduler Scheduled Job Complete: frappe.monitor.flush for library.com
2021-11-17 16:09:00,859 INFO scheduler Scheduled Job Start: frappe.utils.global_search.sync_global_search for library.com
2021-11-17 16:09:01,291 INFO scheduler Scheduled Job Complete: frappe.utils.global_search.sync_global_search for library.com
2021-11-17 16:09:01,453 INFO scheduler Scheduled Job Start: frappe.integrations.doctype.razorpay_settings.razorpay_settings.capture_payment for library.com
2021-11-17 16:09:02,224 INFO scheduler Scheduled Job Complete: frappe.integrations.doctype.razorpay_settings.razorpay_settings.capture_payment for library.com
2021-11-17 16:09:02,380 INFO scheduler Scheduled Job Start: frappe.email.doctype.email_account.email_account.notify_unreplied for library.com
2021-11-17 16:09:03,060 INFO scheduler Scheduled Job Complete: frappe.email.doctype.email_account.email_account.notify_unreplied for library.com
2021-11-17 16:09:03,217 INFO scheduler Scheduled Job Start: frappe.email.doctype.email_account.email_account.pull for library.com
2021-11-17 16:09:03,909 INFO scheduler Scheduled Job Complete: frappe.email.doctype.email_account.email_account.pull for library.com
2021-11-17 16:09:04,065 INFO scheduler Scheduled Job Start: frappe.email.queue.flush for library.com
2021-11-17 16:09:04,538 INFO scheduler Scheduled Job Complete: frappe.email.queue.flush for library.com
2021-11-17 16:10:00,538 DEBUG scheduler Queued events for site library.com
2021-11-17 19:03:07,726 DEBUG scheduler Queued events for site library.com
2021-11-17 19:03:08,821 INFO scheduler Scheduled Job Start: frappe.email.doctype.newsletter.newsletter.send_scheduled_email for library.com
2021-11-17 19:03:17,992 INFO scheduler Scheduled Job Complete: frappe.email.doctype.newsletter.newsletter.send_scheduled_email for library.com
2021-11-17 19:03:18,280 INFO scheduler Scheduled Job Start: frappe.integrations.doctype.google_calendar.google_calendar.sync for library.com
2021-11-17 19:03:24,942 INFO scheduler Scheduled Job Complete: frappe.integrations.doctype.google_calendar.google_calendar.sync for library.com
2021-11-17 19:03:25,423 INFO scheduler Scheduled Job Start: frappe.desk.form.document_follow.send_hourly_updates for library.com
2021-11-17 19:03:26,556 INFO scheduler Scheduled Job Complete: frappe.desk.form.document_follow.send_hourly_updates for library.com
2021-11-17 19:03:26,938 INFO scheduler Scheduled Job Start: frappe.deferred_insert.save_to_db for library.com
2021-11-17 19:03:29,295 INFO scheduler Scheduled Job Complete: frappe.deferred_insert.save_to_db for library.com
2021-11-17 19:03:29,628 INFO scheduler Scheduled Job Start: frappe.desk.page.backups.backups.delete_downloadable_backups for library.com
2021-11-17 19:03:31,696 INFO scheduler Scheduled Job Complete: frappe.desk.page.backups.backups.delete_downloadable_backups for library.com
2021-11-17 19:03:32,038 INFO scheduler Scheduled Job Start: frappe.utils.error.collect_error_snapshots for library.com
2021-11-17 19:03:33,043 INFO scheduler Scheduled Job Complete: frappe.utils.error.collect_error_snapshots for library.com
2021-11-17 19:03:33,350 INFO scheduler Scheduled Job Start: frappe.model.utils.user_settings.sync_user_settings for library.com
2021-11-17 19:03:34,303 INFO scheduler Scheduled Job Complete: frappe.model.utils.user_settings.sync_user_settings for library.com
2021-11-17 19:03:34,746 INFO scheduler Scheduled Job Start: frappe.model.utils.link_count.update_link_count for library.com
2021-11-17 19:03:35,737 INFO scheduler Scheduled Job Complete: frappe.model.utils.link_count.update_link_count for library.com
2021-11-17 19:03:36,079 INFO scheduler Scheduled Job Start: frappe.monitor.flush for library.com
2021-11-17 19:03:36,819 INFO scheduler Scheduled Job Complete: frappe.monitor.flush for library.com
2021-11-17 19:03:36,974 INFO scheduler Scheduled Job Start: frappe.utils.global_search.sync_global_search for library.com
2021-11-17 19:03:38,007 INFO scheduler Scheduled Job Complete: frappe.utils.global_search.sync_global_search for library.com
2021-11-17 19:03:38,175 INFO scheduler Scheduled Job Start: frappe.integrations.doctype.razorpay_settings.razorpay_settings.capture_payment for library.com
2021-11-17 19:03:40,551 INFO scheduler Scheduled Job Complete: frappe.integrations.doctype.razorpay_settings.razorpay_settings.capture_payment for library.com
2021-11-17 19:03:40,748 INFO scheduler Scheduled Job Start: frappe.email.doctype.email_account.email_account.notify_unreplied for library.com
2021-11-17 19:03:43,370 INFO scheduler Scheduled Job Complete: frappe.email.doctype.email_account.email_account.notify_unreplied for library.com
2021-11-17 19:03:43,551 INFO scheduler Scheduled Job Start: frappe.email.doctype.email_account.email_account.pull for library.com
2021-11-17 19:03:44,292 INFO scheduler Scheduled Job Complete: frappe.email.doctype.email_account.email_account.pull for library.com
2021-11-17 19:03:44,469 INFO scheduler Scheduled Job Start: frappe.email.queue.flush for library.com
2021-11-17 19:03:45,265 INFO scheduler Scheduled Job Complete: frappe.email.queue.flush for library.com
2021-11-17 19:03:45,576 INFO scheduler Scheduled Job Start: frappe.twofactor.delete_all_barcodes_for_users for library.com
2021-11-17 19:03:47,994 INFO scheduler Scheduled Job Complete: frappe.twofactor.delete_all_barcodes_for_users for library.com
2021-11-17 19:03:48,328 INFO scheduler Scheduled Job Start: frappe.website.doctype.web_page.web_page.check_publish_status for library.com
2021-11-17 19:03:56,685 INFO scheduler Scheduled Job Complete: frappe.website.doctype.web_page.web_page.check_publish_status for library.com
2021-11-17 19:03:57,620 INFO scheduler Scheduled Job Start: frappe.oauth.delete_oauth2_data for library.com
2021-11-17 19:04:08,863 DEBUG scheduler Queued events for site library.com
2021-11-17 19:04:20,450 INFO scheduler Scheduled Job Complete: frappe.oauth.delete_oauth2_data for library.com
2021-11-17 19:04:32,853 INFO scheduler Scheduled Job Start: frappe.monitor.flush for library.com
2021-11-17 19:05:29,974 DEBUG scheduler Queued events for site library.com
2021-11-17 19:06:12,872 INFO scheduler Scheduled Job Complete: frappe.monitor.flush for library.com
2021-11-17 19:06:31,055 INFO scheduler Scheduled Job Start: frappe.utils.global_search.sync_global_search for library.com
2021-11-17 19:06:31,143 DEBUG scheduler Queued events for site library.com
2021-11-17 19:07:03,293 INFO scheduler Scheduled Job Complete: frappe.utils.global_search.sync_global_search for library.com
2021-11-17 19:07:23,045 INFO scheduler Scheduled Job Start: frappe.integrations.doctype.razorpay_settings.razorpay_settings.capture_payment for library.com
2021-11-17 19:07:34,903 DEBUG scheduler Queued events for site library.com
2021-11-17 19:08:36,714 DEBUG scheduler Queued events for site library.com
2021-11-17 19:08:37,638 INFO scheduler Scheduled Job Complete: frappe.integrations.doctype.razorpay_settings.razorpay_settings.capture_payment for library.com
2021-11-17 19:08:48,944 INFO scheduler Scheduled Job Start: frappe.email.doctype.email_account.email_account.notify_unreplied for library.com
2021-11-17 19:09:09,902 INFO scheduler Scheduled Job Complete: frappe.email.doctype.email_account.email_account.notify_unreplied for library.com
2021-11-17 19:09:10,059 INFO scheduler Scheduled Job Start: frappe.email.doctype.email_account.email_account.pull for library.com
2021-11-17 19:09:11,150 INFO scheduler Scheduled Job Complete: frappe.email.doctype.email_account.email_account.pull for library.com
2021-11-17 19:09:11,304 INFO scheduler Scheduled Job Start: frappe.email.queue.flush for library.com
2021-11-17 19:09:12,037 INFO scheduler Scheduled Job Complete: frappe.email.queue.flush for library.com
2021-11-17 19:09:12,190 INFO scheduler Scheduled Job Start: frappe.monitor.flush for library.com
2021-11-17 19:09:12,739 INFO scheduler Scheduled Job Complete: frappe.monitor.flush for library.com
2021-11-17 19:09:12,894 INFO scheduler Scheduled Job Start: frappe.utils.global_search.sync_global_search for library.com
2021-11-17 19:09:13,457 INFO scheduler Scheduled Job Complete: frappe.utils.global_search.sync_global_search for library.com
2021-11-17 19:09:37,338 DEBUG scheduler Queued events for site library.com
2021-11-17 19:09:37,446 INFO scheduler Scheduled Job Start: frappe.integrations.doctype.razorpay_settings.razorpay_settings.capture_payment for library.com
2021-11-17 19:09:38,187 INFO scheduler Scheduled Job Complete: frappe.integrations.doctype.razorpay_settings.razorpay_settings.capture_payment for library.com
2021-11-17 19:13:06,173 DEBUG scheduler Queued events for site library.com
2021-11-17 19:13:06,218 INFO scheduler Scheduled Job Start: frappe.monitor.flush for library.com
2021-11-17 19:13:07,183 INFO scheduler Scheduled Job Complete: frappe.monitor.flush for library.com
2021-11-17 19:13:07,336 INFO scheduler Scheduled Job Start: frappe.utils.global_search.sync_global_search for library.com
2021-11-17 19:13:07,788 INFO scheduler Scheduled Job Complete: frappe.utils.global_search.sync_global_search for library.com
2021-11-17 19:13:07,936 INFO scheduler Scheduled Job Start: frappe.integrations.doctype.razorpay_settings.razorpay_settings.capture_payment for library.com
2021-11-17 19:13:08,856 INFO scheduler Scheduled Job Complete: frappe.integrations.doctype.razorpay_settings.razorpay_settings.capture_payment for library.com
2021-11-17 19:13:09,062 INFO scheduler Scheduled Job Start: frappe.email.doctype.email_account.email_account.notify_unreplied for library.com
2021-11-17 19:13:09,828 INFO scheduler Scheduled Job Complete: frappe.email.doctype.email_account.email_account.notify_unreplied for library.com
2021-11-17 19:13:09,977 INFO scheduler Scheduled Job Start: frappe.email.doctype.email_account.email_account.pull for library.com
2021-11-17 19:13:10,623 INFO scheduler Scheduled Job Complete: frappe.email.doctype.email_account.email_account.pull for library.com
2021-11-17 19:13:10,773 INFO scheduler Scheduled Job Start: frappe.email.queue.flush for library.com
2021-11-17 19:13:11,222 INFO scheduler Scheduled Job Complete: frappe.email.queue.flush for library.com
2021-11-17 19:14:06,556 DEBUG scheduler Queued events for site library.com
2021-11-17 19:15:06,990 DEBUG scheduler Queued events for site library.com
2021-11-17 19:15:07,091 INFO scheduler Scheduled Job Start: frappe.twofactor.delete_all_barcodes_for_users for library.com
2021-11-17 19:15:08,495 INFO scheduler Scheduled Job Complete: frappe.twofactor.delete_all_barcodes_for_users for library.com
2021-11-17 19:15:08,912 INFO scheduler Scheduled Job Start: frappe.website.doctype.web_page.web_page.check_publish_status for library.com
2021-11-17 19:15:10,453 INFO scheduler Scheduled Job Complete: frappe.website.doctype.web_page.web_page.check_publish_status for library.com
2021-11-17 19:15:10,693 INFO scheduler Scheduled Job Start: frappe.oauth.delete_oauth2_data for library.com
2021-11-17 19:15:11,601 INFO scheduler Scheduled Job Complete: frappe.oauth.delete_oauth2_data for library.com
2021-11-17 19:16:07,455 DEBUG scheduler Queued events for site library.com
2021-11-17 19:16:07,494 INFO scheduler Scheduled Job Start: frappe.monitor.flush for library.com
2021-11-17 19:16:07,921 INFO scheduler Scheduled Job Complete: frappe.monitor.flush for library.com
2021-11-17 19:16:08,073 INFO scheduler Scheduled Job Start: frappe.utils.global_search.sync_global_search for library.com
2021-11-17 19:16:08,492 INFO scheduler Scheduled Job Complete: frappe.utils.global_search.sync_global_search for library.com
2021-11-17 19:16:08,642 INFO scheduler Scheduled Job Start: frappe.integrations.doctype.razorpay_settings.razorpay_settings.capture_payment for library.com
2021-11-17 19:16:09,340 INFO scheduler Scheduled Job Complete: frappe.integrations.doctype.razorpay_settings.razorpay_settings.capture_payment for library.com
2021-11-17 19:16:09,493 INFO scheduler Scheduled Job Start: frappe.email.doctype.email_account.email_account.notify_unreplied for library.com
2021-11-17 19:16:10,074 INFO scheduler Scheduled Job Complete: frappe.email.doctype.email_account.email_account.notify_unreplied for library.com
2021-11-17 19:16:10,232 INFO scheduler Scheduled Job Start: frappe.email.doctype.email_account.email_account.pull for library.com
2021-11-17 19:16:10,846 INFO scheduler Scheduled Job Complete: frappe.email.doctype.email_account.email_account.pull for library.com
2021-11-17 19:16:11,001 INFO scheduler Scheduled Job Start: frappe.email.queue.flush for library.com
2021-11-17 19:16:11,484 INFO scheduler Scheduled Job Complete: frappe.email.queue.flush for library.com
2021-11-17 19:18:02,799 DEBUG scheduler Queued events for site library.com
2021-11-17 19:19:03,190 DEBUG scheduler Queued events for site library.com
2021-11-17 19:20:03,655 DEBUG scheduler Queued events for site library.com
2021-11-17 19:20:03,708 INFO scheduler Scheduled Job Start: frappe.monitor.flush for library.com
2021-11-17 19:20:04,643 INFO scheduler Scheduled Job Complete: frappe.monitor.flush for library.com
2021-11-17 19:20:04,801 INFO scheduler Scheduled Job Start: frappe.utils.global_search.sync_global_search for library.com
2021-11-17 19:20:05,248 INFO scheduler Scheduled Job Complete: frappe.utils.global_search.sync_global_search for library.com
2021-11-17 19:20:05,400 INFO scheduler Scheduled Job Start: frappe.integrations.doctype.razorpay_settings.razorpay_settings.capture_payment for library.com
2021-11-17 19:20:06,287 INFO scheduler Scheduled Job Complete: frappe.integrations.doctype.razorpay_settings.razorpay_settings.capture_payment for library.com
2021-11-17 19:20:06,439 INFO scheduler Scheduled Job Start: frappe.email.doctype.email_account.email_account.notify_unreplied for library.com
2021-11-17 19:20:07,193 INFO scheduler Scheduled Job Complete: frappe.email.doctype.email_account.email_account.notify_unreplied for library.com
2021-11-17 19:20:07,344 INFO scheduler Scheduled Job Start: frappe.email.doctype.email_account.email_account.pull for library.com
2021-11-17 19:20:07,957 INFO scheduler Scheduled Job Complete: frappe.email.doctype.email_account.email_account.pull for library.com
2021-11-17 19:20:08,108 INFO scheduler Scheduled Job Start: frappe.email.queue.flush for library.com
2021-11-17 19:20:08,569 INFO scheduler Scheduled Job Complete: frappe.email.queue.flush for library.com
2021-11-17 19:21:04,061 DEBUG scheduler Queued events for site library.com
2021-11-17 19:22:04,442 DEBUG scheduler Queued events for site library.com
2021-11-17 19:23:05,135 DEBUG scheduler Queued events for site library.com
2021-11-17 19:24:05,584 DEBUG scheduler Queued events for site library.com
2021-11-17 19:24:05,627 INFO scheduler Scheduled Job Start: frappe.monitor.flush for library.com
2021-11-17 19:24:06,283 INFO scheduler Scheduled Job Complete: frappe.monitor.flush for library.com
2021-11-17 19:24:06,441 INFO scheduler Scheduled Job Start: frappe.utils.global_search.sync_global_search for library.com
2021-11-17 19:24:06,876 INFO scheduler Scheduled Job Complete: frappe.utils.global_search.sync_global_search for library.com
2021-11-17 19:24:07,031 INFO scheduler Scheduled Job Start: frappe.integrations.doctype.razorpay_settings.razorpay_settings.capture_payment for library.com
2021-11-17 19:24:07,935 INFO scheduler Scheduled Job Complete: frappe.integrations.doctype.razorpay_settings.razorpay_settings.capture_payment for library.com
2021-11-17 19:24:08,092 INFO scheduler Scheduled Job Start: frappe.email.doctype.email_account.email_account.notify_unreplied for library.com
2021-11-17 19:24:08,930 INFO scheduler Scheduled Job Complete: frappe.email.doctype.email_account.email_account.notify_unreplied for library.com
2021-11-17 19:24:09,080 INFO scheduler Scheduled Job Start: frappe.email.doctype.email_account.email_account.pull for library.com
2021-11-17 19:24:09,752 INFO scheduler Scheduled Job Complete: frappe.email.doctype.email_account.email_account.pull for library.com
2021-11-17 19:24:09,906 INFO scheduler Scheduled Job Start: frappe.email.queue.flush for library.com
2021-11-17 19:24:10,389 INFO scheduler Scheduled Job Complete: frappe.email.queue.flush for library.com
2021-11-17 19:25:05,964 DEBUG scheduler Queued events for site library.com
2021-11-17 19:26:06,349 DEBUG scheduler Queued events for site library.com
2021-11-17 19:27:06,743 DEBUG scheduler Queued events for site library.com
2021-11-17 19:28:07,226 DEBUG scheduler Queued events for site library.com
2021-11-17 19:28:07,370 INFO scheduler Scheduled Job Start: frappe.monitor.flush for library.com
2021-11-17 19:28:07,797 INFO scheduler Scheduled Job Complete: frappe.monitor.flush for library.com
2021-11-17 19:28:07,951 INFO scheduler Scheduled Job Start: frappe.utils.global_search.sync_global_search for library.com
2021-11-17 19:28:08,667 INFO scheduler Scheduled Job Complete: frappe.utils.global_search.sync_global_search for library.com
2021-11-17 19:28:08,821 INFO scheduler Scheduled Job Start: frappe.integrations.doctype.razorpay_settings.razorpay_settings.capture_payment for library.com
2021-11-17 19:28:09,549 INFO scheduler Scheduled Job Complete: frappe.integrations.doctype.razorpay_settings.razorpay_settings.capture_payment for library.com
2021-11-17 19:28:09,702 INFO scheduler Scheduled Job Start: frappe.email.doctype.email_account.email_account.notify_unreplied for library.com
2021-11-17 19:28:10,313 INFO scheduler Scheduled Job Complete: frappe.email.doctype.email_account.email_account.notify_unreplied for library.com
2021-11-17 19:28:10,464 INFO scheduler Scheduled Job Start: frappe.email.doctype.email_account.email_account.pull for library.com
2021-11-17 19:28:11,063 INFO scheduler Scheduled Job Complete: frappe.email.doctype.email_account.email_account.pull for library.com
2021-11-17 19:28:11,211 INFO scheduler Scheduled Job Start: frappe.email.queue.flush for library.com
2021-11-17 19:28:11,667 INFO scheduler Scheduled Job Complete: frappe.email.queue.flush for library.com
2021-11-17 19:29:07,629 DEBUG scheduler Queued events for site library.com
2021-11-17 19:30:08,041 DEBUG scheduler Queued events for site library.com
2021-11-17 19:30:08,147 INFO scheduler Scheduled Job Start: frappe.twofactor.delete_all_barcodes_for_users for library.com
2021-11-17 19:30:09,018 INFO scheduler Scheduled Job Complete: frappe.twofactor.delete_all_barcodes_for_users for library.com
2021-11-17 19:30:09,318 INFO scheduler Scheduled Job Start: frappe.website.doctype.web_page.web_page.check_publish_status for library.com
2021-11-17 19:30:10,212 INFO scheduler Scheduled Job Complete: frappe.website.doctype.web_page.web_page.check_publish_status for library.com
2021-11-17 19:30:10,421 INFO scheduler Scheduled Job Start: frappe.oauth.delete_oauth2_data for library.com
2021-11-17 19:30:11,310 INFO scheduler Scheduled Job Complete: frappe.oauth.delete_oauth2_data for library.com
2021-11-17 19:31:08,437 DEBUG scheduler Queued events for site library.com
